\BOOKMARK [1][-]{section.1}{Introduction}{}% 1
\BOOKMARK [1][-]{section.2}{Transform\351e de Fourier discr\350te}{}% 2
\BOOKMARK [2][-]{subsection.2.1}{Transform\351e de Fourier 1D directe et inverse}{section.2}% 3
\BOOKMARK [3][-]{subsubsection.2.1.1}{Formule}{subsection.2.1}% 4
\BOOKMARK [3][-]{subsubsection.2.1.2}{Complexit\351}{subsection.2.1}% 5
\BOOKMARK [3][-]{subsubsection.2.1.3}{Diagramme}{subsection.2.1}% 6
\BOOKMARK [2][-]{subsection.2.2}{Transform\351e de Fourier 2D discr\350te}{section.2}% 7
\BOOKMARK [1][-]{section.3}{Transform\351e de Fourier rapide}{}% 8
\BOOKMARK [2][-]{subsection.3.1}{Principe de l'algorithme de Cooley-Tukey}{section.3}% 9
\BOOKMARK [2][-]{subsection.3.2}{D\351composition}{section.3}% 10
\BOOKMARK [3][-]{subsubsection.3.2.1}{Indices pairs et impairs}{subsection.3.2}% 11
\BOOKMARK [3][-]{subsubsection.3.2.2}{Plage de valeurs de k}{subsection.3.2}% 12
\BOOKMARK [3][-]{subsubsection.3.2.3}{Synth\350se de la d\351composition}{subsection.3.2}% 13
\BOOKMARK [2][-]{subsection.3.3}{Cas de la Transform\351e de Fourier 1D d'un signal \340 1 \351chantillon}{section.3}% 14
\BOOKMARK [2][-]{subsection.3.4}{Principe de r\351cursion}{section.3}% 15
\BOOKMARK [3][-]{subsubsection.3.4.1}{Pseudo-code}{subsection.3.4}% 16
\BOOKMARK [3][-]{subsubsection.3.4.2}{Complexit\351}{subsection.3.4}% 17
\BOOKMARK [2][-]{subsection.3.5}{Symm\351trie de la transform\351e de Fourier}{section.3}% 18
\BOOKMARK [3][-]{subsubsection.3.5.1}{Racines n-i\350mes de l'unit\351}{subsection.3.5}% 19
\BOOKMARK [3][-]{subsubsection.3.5.2}{Multiplication par les racines n-i\350me de l'unit\351}{subsection.3.5}% 20
\BOOKMARK [3][-]{subsubsection.3.5.3}{Papillon}{subsection.3.5}% 21
